<?xml version="1.0" encoding="UTF-8"?>
<coverage generated="1716830061562" clover="3.2.0">
  <project timestamp="1716830061562" name="All files">
    <metrics statements="117" coveredstatements="99" conditionals="66" coveredconditionals="53" methods="50" coveredmethods="43" elements="233" coveredelements="195" complexity="0" loc="117" ncloc="117" packages="5" files="9" classes="9"/>
    <package name="components.Button">
      <metrics statements="9" coveredstatements="9" conditionals="7" coveredconditionals="4" methods="4" coveredmethods="4"/>
      <file name="index.tsx" path="E:\PROJETOS\Projetos da Lumi\front-end-lumi\src\components\Button\index.tsx">
        <metrics statements="3" coveredstatements="3" conditionals="3" coveredconditionals="2" methods="1" coveredmethods="1"/>
        <line num="2" count="1" type="stmt"/>
        <line num="13" count="1" type="stmt"/>
        <line num="19" count="2" type="stmt"/>
      </file>
      <file name="styles.ts" path="E:\PROJETOS\Projetos da Lumi\front-end-lumi\src\components\Button\styles.ts">
        <metrics statements="6" coveredstatements="6" conditionals="4" coveredconditionals="2" methods="3" coveredmethods="3"/>
        <line num="1" count="1" type="stmt"/>
        <line num="2" count="1" type="stmt"/>
        <line num="3" count="2" type="stmt"/>
        <line num="21" count="2" type="stmt"/>
        <line num="26" count="1" type="stmt"/>
        <line num="34" count="2" type="stmt"/>
      </file>
    </package>
    <package name="components.FileDropzone">
      <metrics statements="42" coveredstatements="29" conditionals="16" coveredconditionals="11" methods="9" coveredmethods="5"/>
      <file name="index.tsx" path="E:\PROJETOS\Projetos da Lumi\front-end-lumi\src\components\FileDropzone\index.tsx">
        <metrics statements="36" coveredstatements="23" conditionals="16" coveredconditionals="11" methods="7" coveredmethods="3"/>
        <line num="1" count="1" type="stmt"/>
        <line num="2" count="1" type="stmt"/>
        <line num="3" count="1" type="stmt"/>
        <line num="8" count="1" type="stmt"/>
        <line num="9" count="7" type="stmt"/>
        <line num="10" count="7" type="stmt"/>
        <line num="12" count="7" type="stmt"/>
        <line num="13" count="0" type="stmt"/>
        <line num="14" count="0" type="stmt"/>
        <line num="15" count="0" type="cond" truecount="0" falsecount="3"/>
        <line num="16" count="0" type="stmt"/>
        <line num="17" count="0" type="cond" truecount="0" falsecount="2"/>
        <line num="18" count="0" type="stmt"/>
        <line num="19" count="0" type="stmt"/>
        <line num="20" count="0" type="stmt"/>
        <line num="22" count="0" type="stmt"/>
        <line num="27" count="7" type="stmt"/>
        <line num="28" count="0" type="stmt"/>
        <line num="31" count="7" type="stmt"/>
        <line num="32" count="3" type="stmt"/>
        <line num="33" count="3" type="cond" truecount="3" falsecount="0"/>
        <line num="34" count="3" type="stmt"/>
        <line num="35" count="3" type="cond" truecount="2" falsecount="0"/>
        <line num="36" count="1" type="stmt"/>
        <line num="37" count="1" type="stmt"/>
        <line num="38" count="1" type="stmt"/>
        <line num="40" count="2" type="stmt"/>
        <line num="45" count="7" type="stmt"/>
        <line num="46" count="1" type="stmt"/>
        <line num="47" count="1" type="stmt"/>
        <line num="48" count="1" type="stmt"/>
        <line num="49" count="0" type="stmt"/>
        <line num="50" count="0" type="stmt"/>
        <line num="52" count="1" type="stmt"/>
        <line num="53" count="0" type="stmt"/>
        <line num="57" count="7" type="stmt"/>
      </file>
      <file name="styles.ts" path="E:\PROJETOS\Projetos da Lumi\front-end-lumi\src\components\FileDropzone\styles.ts">
        <metrics statements="6" coveredstatements="6" conditionals="0" coveredconditionals="0" methods="2" coveredmethods="2"/>
        <line num="1" count="1" type="stmt"/>
        <line num="3" count="1" type="stmt"/>
        <line num="4" count="7" type="stmt"/>
        <line num="28" count="1" type="stmt"/>
        <line num="29" count="1" type="stmt"/>
        <line num="38" count="1" type="stmt"/>
      </file>
    </package>
    <package name="components.FormInput">
      <metrics statements="17" coveredstatements="17" conditionals="16" coveredconditionals="15" methods="8" coveredmethods="8"/>
      <file name="index.tsx" path="E:\PROJETOS\Projetos da Lumi\front-end-lumi\src\components\FormInput\index.tsx">
        <metrics statements="7" coveredstatements="7" conditionals="12" coveredconditionals="12" methods="3" coveredmethods="3"/>
        <line num="1" count="1" type="stmt"/>
        <line num="2" count="1" type="stmt"/>
        <line num="3" count="1" type="stmt"/>
        <line num="17" count="1" type="stmt"/>
        <line num="24" count="8" type="stmt"/>
        <line num="26" count="8" type="stmt"/>
        <line num="57" count="3" type="stmt"/>
      </file>
      <file name="styles.ts" path="E:\PROJETOS\Projetos da Lumi\front-end-lumi\src\components\FormInput\styles.ts">
        <metrics statements="10" coveredstatements="10" conditionals="4" coveredconditionals="3" methods="5" coveredmethods="5"/>
        <line num="1" count="1" type="stmt"/>
        <line num="7" count="1" type="stmt"/>
        <line num="11" count="8" type="stmt"/>
        <line num="13" count="8" type="cond" truecount="2" falsecount="0"/>
        <line num="22" count="8" type="stmt"/>
        <line num="26" count="1" type="stmt"/>
        <line num="34" count="1" type="cond" truecount="1" falsecount="1"/>
        <line num="37" count="1" type="stmt"/>
        <line num="41" count="1" type="stmt"/>
        <line num="46" count="1" type="stmt"/>
      </file>
    </package>
    <package name="components.Select">
      <metrics statements="48" coveredstatements="43" conditionals="27" coveredconditionals="23" methods="29" coveredmethods="26"/>
      <file name="index.tsx" path="E:\PROJETOS\Projetos da Lumi\front-end-lumi\src\components\Select\index.tsx">
        <metrics statements="21" coveredstatements="16" conditionals="19" coveredconditionals="15" methods="10" coveredmethods="7"/>
        <line num="1" count="1" type="stmt"/>
        <line num="2" count="1" type="stmt"/>
        <line num="3" count="1" type="stmt"/>
        <line num="17" count="1" type="stmt"/>
        <line num="25" count="7" type="stmt"/>
        <line num="26" count="7" type="stmt"/>
        <line num="28" count="7" type="stmt"/>
        <line num="29" count="3" type="cond" truecount="1" falsecount="0"/>
        <line num="31" count="0" type="stmt"/>
        <line num="32" count="0" type="stmt"/>
        <line num="36" count="7" type="stmt"/>
        <line num="40" count="3" type="stmt"/>
        <line num="47" count="0" type="stmt"/>
        <line num="52" count="0" type="stmt"/>
        <line num="53" count="0" type="cond" truecount="0" falsecount="1"/>
        <line num="73" count="9" type="stmt"/>
        <line num="80" count="1" type="stmt"/>
        <line num="91" count="1" type="stmt"/>
        <line num="92" count="1" type="stmt"/>
        <line num="93" count="1" type="cond" truecount="0" falsecount="1"/>
        <line num="94" count="1" type="cond" truecount="2" falsecount="0"/>
      </file>
      <file name="styles.ts" path="E:\PROJETOS\Projetos da Lumi\front-end-lumi\src\components\Select\styles.ts">
        <metrics statements="27" coveredstatements="27" conditionals="8" coveredconditionals="8" methods="19" coveredmethods="19"/>
        <line num="1" count="1" type="stmt"/>
        <line num="3" count="1" type="stmt"/>
        <line num="8" count="1" type="stmt"/>
        <line num="9" count="7" type="stmt"/>
        <line num="10" count="7" type="stmt"/>
        <line num="11" count="7" type="stmt"/>
        <line num="21" count="7" type="stmt"/>
        <line num="24" count="7" type="stmt"/>
        <line num="28" count="7" type="stmt"/>
        <line num="39" count="1" type="stmt"/>
        <line num="48" count="7" type="stmt"/>
        <line num="52" count="1" type="stmt"/>
        <line num="56" count="3" type="stmt"/>
        <line num="62" count="3" type="stmt"/>
        <line num="72" count="3" type="stmt"/>
        <line num="74" count="3" type="stmt"/>
        <line num="78" count="3" type="stmt"/>
        <line num="79" count="3" type="stmt"/>
        <line num="84" count="1" type="stmt"/>
        <line num="96" count="1" type="stmt"/>
        <line num="104" count="9" type="cond" truecount="2" falsecount="0"/>
        <line num="112" count="9" type="cond" truecount="2" falsecount="0"/>
        <line num="124" count="9" type="cond" truecount="2" falsecount="0"/>
        <line num="132" count="9" type="stmt"/>
        <line num="133" count="9" type="cond" truecount="2" falsecount="0"/>
        <line num="137" count="1" type="stmt"/>
        <line num="142" count="7" type="stmt"/>
      </file>
    </package>
    <package name="styles">
      <metrics statements="1" coveredstatements="1" conditionals="0" coveredconditionals="0" methods="0" coveredmethods="0"/>
      <file name="theme.ts" path="E:\PROJETOS\Projetos da Lumi\front-end-lumi\src\styles\theme.ts">
        <metrics statements="1" coveredstatements="1" conditionals="0" coveredconditionals="0" methods="0" coveredmethods="0"/>
        <line num="1" count="4" type="stmt"/>
      </file>
    </package>
  </project>
</coverage>
