{"E:\\PROJETOS\\Projetos da Lumi\\front-end-lumi\\src\\components\\Button\\index.tsx": {"path":"E:\\PROJETOS\\Projetos da Lumi\\front-end-lumi\\src\\components\\Button\\index.tsx","statementMap":{"0":{"start":{"line":2,"column":0},"end":{"line":2,"column":35}},"1":{"start":{"line":13,"column":22},"end":{"line":25,"column":1}},"2":{"start":{"line":19,"column":2},"end":{"line":24,"column":4}},"3":{"start":{"line":13,"column":13},"end":{"line":13,"column":22}}},"fnMap":{"0":{"name":"(anonymous_6)","decl":{"start":{"line":13,"column":22},"end":{"line":13,"column":23}},"loc":{"start":{"line":18,"column":18},"end":{"line":25,"column":1}}}},"branchMap":{"0":{"loc":{"start":{"line":15,"column":2},"end":{"line":15,"column":19}},"type":"default-arg","locations":[{"start":{"line":15,"column":10},"end":{"line":15,"column":19}}]},"1":{"loc":{"start":{"line":22,"column":7},"end":{"line":22,"column":33}},"type":"binary-expr","locations":[{"start":{"line":22,"column":7},"end":{"line":22,"column":11}},{"start":{"line":22,"column":15},"end":{"line":22,"column":33}}]}},"s":{"0":1,"1":1,"2":2,"3":1},"f":{"0":2},"b":{"0":[0],"1":[2,1]}}
,"E:\\PROJETOS\\Projetos da Lumi\\front-end-lumi\\src\\components\\Button\\styles.ts": {"path":"E:\\PROJETOS\\Projetos da Lumi\\front-end-lumi\\src\\components\\Button\\styles.ts","statementMap":{"0":{"start":{"line":1,"column":0},"end":{"line":1,"column":48}},"1":{"start":{"line":2,"column":13},"end":{"line":24,"column":2}},"2":{"start":{"line":3,"column":26},"end":{"line":23,"column":null}},"3":{"start":{"line":21,"column":31},"end":{"line":21,"column":55}},"4":{"start":{"line":26,"column":13},"end":{"line":35,"column":2}},"5":{"start":{"line":34,"column":26},"end":{"line":34,"column":50}}},"fnMap":{"0":{"name":"(anonymous_6)","decl":{"start":{"line":3,"column":4},"end":{"line":3,"column":5}},"loc":{"start":{"line":3,"column":26},"end":{"line":23,"column":null}}},"1":{"name":"(anonymous_7)","decl":{"start":{"line":21,"column":16},"end":{"line":21,"column":17}},"loc":{"start":{"line":21,"column":31},"end":{"line":21,"column":55}}},"2":{"name":"(anonymous_8)","decl":{"start":{"line":34,"column":11},"end":{"line":34,"column":12}},"loc":{"start":{"line":34,"column":26},"end":{"line":34,"column":50}}}},"branchMap":{"0":{"loc":{"start":{"line":12,"column":24},"end":{"line":14,"column":37}},"type":"cond-expr","locations":[{"start":{"line":13,"column":8},"end":{"line":13,"column":35}},{"start":{"line":14,"column":8},"end":{"line":14,"column":37}}]},"1":{"loc":{"start":{"line":17,"column":15},"end":{"line":17,"column":78}},"type":"cond-expr","locations":[{"start":{"line":17,"column":37},"end":{"line":17,"column":57}},{"start":{"line":17,"column":60},"end":{"line":17,"column":78}}]}},"s":{"0":1,"1":1,"2":2,"3":2,"4":1,"5":2},"f":{"0":2,"1":2,"2":2},"b":{"0":[2,0],"1":[2,0]}}
,"E:\\PROJETOS\\Projetos da Lumi\\front-end-lumi\\src\\components\\FileDropzone\\index.tsx": {"path":"E:\\PROJETOS\\Projetos da Lumi\\front-end-lumi\\src\\components\\FileDropzone\\index.tsx","statementMap":{"0":{"start":{"line":1,"column":0},"end":{"line":1,"column":40}},"1":{"start":{"line":2,"column":0},"end":{"line":2,"column":35}},"2":{"start":{"line":3,"column":0},"end":{"line":3,"column":38}},"3":{"start":{"line":8,"column":28},"end":{"line":78,"column":1}},"4":{"start":{"line":9,"column":26},"end":{"line":9,"column":53}},"5":{"start":{"line":10,"column":28},"end":{"line":10,"column":57}},"6":{"start":{"line":12,"column":21},"end":{"line":25,"column":3}},"7":{"start":{"line":13,"column":4},"end":{"line":13,"column":23}},"8":{"start":{"line":14,"column":18},"end":{"line":14,"column":38}},"9":{"start":{"line":15,"column":4},"end":{"line":24,"column":5}},"10":{"start":{"line":16,"column":27},"end":{"line":16,"column":35}},"11":{"start":{"line":17,"column":6},"end":{"line":23,"column":7}},"12":{"start":{"line":18,"column":8},"end":{"line":18,"column":38}},"13":{"start":{"line":19,"column":8},"end":{"line":19,"column":30}},"14":{"start":{"line":20,"column":8},"end":{"line":20,"column":23}},"15":{"start":{"line":22,"column":8},"end":{"line":22,"column":52}},"16":{"start":{"line":27,"column":25},"end":{"line":29,"column":3}},"17":{"start":{"line":28,"column":4},"end":{"line":28,"column":23}},"18":{"start":{"line":31,"column":27},"end":{"line":43,"column":3}},"19":{"start":{"line":32,"column":18},"end":{"line":32,"column":32}},"20":{"start":{"line":33,"column":4},"end":{"line":42,"column":5}},"21":{"start":{"line":34,"column":27},"end":{"line":34,"column":35}},"22":{"start":{"line":35,"column":6},"end":{"line":41,"column":7}},"23":{"start":{"line":36,"column":8},"end":{"line":36,"column":38}},"24":{"start":{"line":37,"column":8},"end":{"line":37,"column":30}},"25":{"start":{"line":38,"column":8},"end":{"line":38,"column":23}},"26":{"start":{"line":40,"column":8},"end":{"line":40,"column":52}},"27":{"start":{"line":45,"column":26},"end":{"line":55,"column":3}},"28":{"start":{"line":46,"column":19},"end":{"line":46,"column":35}},"29":{"start":{"line":47,"column":4},"end":{"line":47,"column":31}},"30":{"start":{"line":48,"column":4},"end":{"line":51,"column":6}},"31":{"start":{"line":49,"column":28},"end":{"line":49,"column":66}},"32":{"start":{"line":50,"column":6},"end":{"line":50,"column":30}},"33":{"start":{"line":52,"column":4},"end":{"line":54,"column":6}},"34":{"start":{"line":53,"column":6},"end":{"line":53,"column":52}},"35":{"start":{"line":57,"column":2},"end":{"line":77,"column":4}},"36":{"start":{"line":8,"column":13},"end":{"line":8,"column":28}}},"fnMap":{"0":{"name":"(anonymous_6)","decl":{"start":{"line":8,"column":28},"end":{"line":8,"column":29}},"loc":{"start":{"line":8,"column":65},"end":{"line":78,"column":1}}},"1":{"name":"(anonymous_7)","decl":{"start":{"line":12,"column":21},"end":{"line":12,"column":22}},"loc":{"start":{"line":12,"column":60},"end":{"line":25,"column":3}}},"2":{"name":"(anonymous_8)","decl":{"start":{"line":27,"column":25},"end":{"line":27,"column":26}},"loc":{"start":{"line":27,"column":64},"end":{"line":29,"column":3}}},"3":{"name":"(anonymous_9)","decl":{"start":{"line":31,"column":27},"end":{"line":31,"column":28}},"loc":{"start":{"line":31,"column":70},"end":{"line":43,"column":3}}},"4":{"name":"(anonymous_10)","decl":{"start":{"line":45,"column":26},"end":{"line":45,"column":27}},"loc":{"start":{"line":45,"column":41},"end":{"line":55,"column":3}}},"5":{"name":"(anonymous_11)","decl":{"start":{"line":48,"column":20},"end":{"line":48,"column":23}},"loc":{"start":{"line":48,"column":25},"end":{"line":51,"column":5}}},"6":{"name":"(anonymous_12)","decl":{"start":{"line":52,"column":21},"end":{"line":52,"column":24}},"loc":{"start":{"line":52,"column":26},"end":{"line":54,"column":5}}}},"branchMap":{"0":{"loc":{"start":{"line":15,"column":4},"end":{"line":24,"column":5}},"type":"if","locations":[{"start":{"line":15,"column":4},"end":{"line":24,"column":5}}]},"1":{"loc":{"start":{"line":15,"column":8},"end":{"line":15,"column":33}},"type":"binary-expr","locations":[{"start":{"line":15,"column":8},"end":{"line":15,"column":13}},{"start":{"line":15,"column":17},"end":{"line":15,"column":33}}]},"2":{"loc":{"start":{"line":17,"column":6},"end":{"line":23,"column":7}},"type":"if","locations":[{"start":{"line":17,"column":6},"end":{"line":23,"column":7}},{"start":{"line":21,"column":13},"end":{"line":23,"column":7}}]},"3":{"loc":{"start":{"line":33,"column":4},"end":{"line":42,"column":5}},"type":"if","locations":[{"start":{"line":33,"column":4},"end":{"line":42,"column":5}}]},"4":{"loc":{"start":{"line":33,"column":8},"end":{"line":33,"column":33}},"type":"binary-expr","locations":[{"start":{"line":33,"column":8},"end":{"line":33,"column":13}},{"start":{"line":33,"column":17},"end":{"line":33,"column":33}}]},"5":{"loc":{"start":{"line":35,"column":6},"end":{"line":41,"column":7}},"type":"if","locations":[{"start":{"line":35,"column":6},"end":{"line":41,"column":7}},{"start":{"line":39,"column":13},"end":{"line":41,"column":7}}]},"6":{"loc":{"start":{"line":67,"column":7},"end":{"line":68,"column":null}},"type":"binary-expr","locations":[{"start":{"line":67,"column":7},"end":{"line":67,"column":12}},{"start":{"line":68,"column":8},"end":{"line":68,"column":72}}]},"7":{"loc":{"start":{"line":70,"column":7},"end":{"line":73,"column":null}},"type":"binary-expr","locations":[{"start":{"line":70,"column":7},"end":{"line":70,"column":11}},{"start":{"line":71,"column":8},"end":{"line":72,"column":null}}]},"8":{"loc":{"start":{"line":75,"column":7},"end":{"line":75,"column":52}},"type":"binary-expr","locations":[{"start":{"line":75,"column":7},"end":{"line":75,"column":12}},{"start":{"line":75,"column":16},"end":{"line":75,"column":52}}]}},"s":{"0":1,"1":1,"2":1,"3":1,"4":7,"5":7,"6":7,"7":0,"8":0,"9":0,"10":0,"11":0,"12":0,"13":0,"14":0,"15":0,"16":7,"17":0,"18":7,"19":3,"20":3,"21":3,"22":3,"23":1,"24":1,"25":1,"26":2,"27":7,"28":1,"29":1,"30":1,"31":0,"32":0,"33":1,"34":0,"35":7,"36":1},"f":{"0":7,"1":0,"2":0,"3":3,"4":1,"5":0,"6":0},"b":{"0":[0],"1":[0,0],"2":[0,0],"3":[3],"4":[3,3],"5":[1,2],"6":[7,6],"7":[7,1],"8":[7,2]}}
,"E:\\PROJETOS\\Projetos da Lumi\\front-end-lumi\\src\\components\\FileDropzone\\styles.ts": {"path":"E:\\PROJETOS\\Projetos da Lumi\\front-end-lumi\\src\\components\\FileDropzone\\styles.ts","statementMap":{"0":{"start":{"line":1,"column":0},"end":{"line":1,"column":48}},"1":{"start":{"line":3,"column":13},"end":{"line":26,"column":2}},"2":{"start":{"line":4,"column":19},"end":{"line":25,"column":null}},"3":{"start":{"line":28,"column":13},"end":{"line":36,"column":2}},"4":{"start":{"line":29,"column":19},"end":{"line":35,"column":null}},"5":{"start":{"line":38,"column":13},"end":{"line":41,"column":2}}},"fnMap":{"0":{"name":"(anonymous_6)","decl":{"start":{"line":4,"column":4},"end":{"line":4,"column":5}},"loc":{"start":{"line":4,"column":19},"end":{"line":25,"column":null}}},"1":{"name":"(anonymous_7)","decl":{"start":{"line":29,"column":4},"end":{"line":29,"column":5}},"loc":{"start":{"line":29,"column":19},"end":{"line":35,"column":null}}}},"branchMap":{},"s":{"0":1,"1":1,"2":7,"3":1,"4":1,"5":1},"f":{"0":7,"1":1},"b":{}}
,"E:\\PROJETOS\\Projetos da Lumi\\front-end-lumi\\src\\components\\FormInput\\index.tsx": {"path":"E:\\PROJETOS\\Projetos da Lumi\\front-end-lumi\\src\\components\\FormInput\\index.tsx","statementMap":{"0":{"start":{"line":1,"column":0},"end":{"line":1,"column":73}},"1":{"start":{"line":2,"column":0},"end":{"line":2,"column":30}},"2":{"start":{"line":3,"column":0},"end":{"line":3,"column":51}},"3":{"start":{"line":17,"column":25},"end":{"line":64,"column":1}},"4":{"start":{"line":24,"column":34},"end":{"line":24,"column":58}},"5":{"start":{"line":26,"column":2},"end":{"line":63,"column":4}},"6":{"start":{"line":57,"column":25},"end":{"line":57,"column":63}},"7":{"start":{"line":57,"column":52},"end":{"line":57,"column":62}},"8":{"start":{"line":17,"column":13},"end":{"line":17,"column":25}}},"fnMap":{"0":{"name":"(anonymous_6)","decl":{"start":{"line":17,"column":25},"end":{"line":17,"column":26}},"loc":{"start":{"line":23,"column":21},"end":{"line":64,"column":1}}},"1":{"name":"(anonymous_7)","decl":{"start":{"line":57,"column":19},"end":{"line":57,"column":22}},"loc":{"start":{"line":57,"column":25},"end":{"line":57,"column":63}}},"2":{"name":"(anonymous_8)","decl":{"start":{"line":57,"column":37},"end":{"line":57,"column":38}},"loc":{"start":{"line":57,"column":52},"end":{"line":57,"column":62}}}},"branchMap":{"0":{"loc":{"start":{"line":28,"column":7},"end":{"line":35,"column":null}},"type":"binary-expr","locations":[{"start":{"line":28,"column":7},"end":{"line":28,"column":14}},{"start":{"line":29,"column":8},"end":{"line":34,"column":null}}]},"1":{"loc":{"start":{"line":37,"column":7},"end":{"line":40,"column":null}},"type":"binary-expr","locations":[{"start":{"line":37,"column":7},"end":{"line":37,"column":14}},{"start":{"line":38,"column":8},"end":{"line":39,"column":null}}]},"2":{"loc":{"start":{"line":47,"column":10},"end":{"line":51,"column":24}},"type":"cond-expr","locations":[{"start":{"line":48,"column":14},"end":{"line":50,"column":26}},{"start":{"line":51,"column":14},"end":{"line":51,"column":24}}]},"3":{"loc":{"start":{"line":48,"column":14},"end":{"line":50,"column":26}},"type":"cond-expr","locations":[{"start":{"line":49,"column":16},"end":{"line":49,"column":22}},{"start":{"line":50,"column":16},"end":{"line":50,"column":26}}]},"4":{"loc":{"start":{"line":54,"column":7},"end":{"line":60,"column":null}},"type":"binary-expr","locations":[{"start":{"line":54,"column":7},"end":{"line":54,"column":30}},{"start":{"line":55,"column":8},"end":{"line":59,"column":null}}]},"5":{"loc":{"start":{"line":59,"column":11},"end":{"line":59,"column":48}},"type":"cond-expr","locations":[{"start":{"line":59,"column":22},"end":{"line":59,"column":36}},{"start":{"line":59,"column":39},"end":{"line":59,"column":48}}]}},"s":{"0":1,"1":1,"2":1,"3":1,"4":8,"5":8,"6":3,"7":3,"8":1},"f":{"0":8,"1":3,"2":3},"b":{"0":[8,1],"1":[8,1],"2":[5,3],"3":[2,3],"4":[8,5],"5":[2,3]}}
,"E:\\PROJETOS\\Projetos da Lumi\\front-end-lumi\\src\\components\\FormInput\\styles.ts": {"path":"E:\\PROJETOS\\Projetos da Lumi\\front-end-lumi\\src\\components\\FormInput\\styles.ts","statementMap":{"0":{"start":{"line":1,"column":0},"end":{"line":1,"column":39}},"1":{"start":{"line":7,"column":13},"end":{"line":24,"column":2}},"2":{"start":{"line":11,"column":34},"end":{"line":11,"column":61}},"3":{"start":{"line":13,"column":29},"end":{"line":13,"column":78}},"4":{"start":{"line":22,"column":28},"end":{"line":22,"column":45}},"5":{"start":{"line":26,"column":13},"end":{"line":35,"column":2}},"6":{"start":{"line":34,"column":4},"end":{"line":34,"column":49}},"7":{"start":{"line":37,"column":13},"end":{"line":44,"column":2}},"8":{"start":{"line":41,"column":26},"end":{"line":41,"column":42}},"9":{"start":{"line":46,"column":13},"end":{"line":54,"column":2}}},"fnMap":{"0":{"name":"(anonymous_1)","decl":{"start":{"line":11,"column":19},"end":{"line":11,"column":20}},"loc":{"start":{"line":11,"column":34},"end":{"line":11,"column":61}}},"1":{"name":"(anonymous_2)","decl":{"start":{"line":13,"column":6},"end":{"line":13,"column":7}},"loc":{"start":{"line":13,"column":29},"end":{"line":13,"column":78}}},"2":{"name":"(anonymous_3)","decl":{"start":{"line":22,"column":13},"end":{"line":22,"column":14}},"loc":{"start":{"line":22,"column":28},"end":{"line":22,"column":45}}},"3":{"name":"(anonymous_4)","decl":{"start":{"line":33,"column":11},"end":{"line":33,"column":12}},"loc":{"start":{"line":34,"column":4},"end":{"line":34,"column":49}}},"4":{"name":"(anonymous_5)","decl":{"start":{"line":41,"column":11},"end":{"line":41,"column":12}},"loc":{"start":{"line":41,"column":26},"end":{"line":41,"column":42}}}},"branchMap":{"0":{"loc":{"start":{"line":13,"column":29},"end":{"line":13,"column":78}},"type":"cond-expr","locations":[{"start":{"line":13,"column":37},"end":{"line":13,"column":53}},{"start":{"line":13,"column":56},"end":{"line":13,"column":78}}]},"1":{"loc":{"start":{"line":34,"column":4},"end":{"line":34,"column":49}},"type":"cond-expr","locations":[{"start":{"line":34,"column":12},"end":{"line":34,"column":28}},{"start":{"line":34,"column":31},"end":{"line":34,"column":49}}]}},"s":{"0":1,"1":1,"2":8,"3":8,"4":8,"5":1,"6":1,"7":1,"8":1,"9":1},"f":{"0":8,"1":8,"2":8,"3":1,"4":1},"b":{"0":[1,7],"1":[0,1]}}
,"E:\\PROJETOS\\Projetos da Lumi\\front-end-lumi\\src\\components\\Select\\index.tsx": {"path":"E:\\PROJETOS\\Projetos da Lumi\\front-end-lumi\\src\\components\\Select\\index.tsx","statementMap":{"0":{"start":{"line":1,"column":0},"end":{"line":1,"column":42}},"1":{"start":{"line":2,"column":0},"end":{"line":2,"column":30}},"2":{"start":{"line":3,"column":0},"end":{"line":3,"column":60}},"3":{"start":{"line":17,"column":22},"end":{"line":104,"column":1}},"4":{"start":{"line":25,"column":40},"end":{"line":25,"column":64}},"5":{"start":{"line":26,"column":30},"end":{"line":26,"column":50}},"6":{"start":{"line":28,"column":26},"end":{"line":34,"column":23}},"7":{"start":{"line":29,"column":4},"end":{"line":29,"column":32}},"8":{"start":{"line":29,"column":17},"end":{"line":29,"column":32}},"9":{"start":{"line":31,"column":4},"end":{"line":33,"column":6}},"10":{"start":{"line":32,"column":6},"end":{"line":32,"column":63}},"11":{"start":{"line":36,"column":2},"end":{"line":103,"column":4}},"12":{"start":{"line":40,"column":23},"end":{"line":40,"column":64}},"13":{"start":{"line":40,"column":53},"end":{"line":40,"column":63}},"14":{"start":{"line":47,"column":30},"end":{"line":47,"column":62}},"15":{"start":{"line":52,"column":12},"end":{"line":52,"column":38}},"16":{"start":{"line":53,"column":12},"end":{"line":53,"column":51}},"17":{"start":{"line":53,"column":30},"end":{"line":53,"column":51}},"18":{"start":{"line":73,"column":14},"end":{"line":74,"column":null}},"19":{"start":{"line":80,"column":31},"end":{"line":80,"column":53}},"20":{"start":{"line":91,"column":16},"end":{"line":91,"column":30}},"21":{"start":{"line":92,"column":16},"end":{"line":92,"column":38}},"22":{"start":{"line":93,"column":16},"end":{"line":93,"column":57}},"23":{"start":{"line":93,"column":50},"end":{"line":93,"column":57}},"24":{"start":{"line":94,"column":16},"end":{"line":94,"column":45}},"25":{"start":{"line":17,"column":13},"end":{"line":17,"column":22}}},"fnMap":{"0":{"name":"(anonymous_6)","decl":{"start":{"line":17,"column":22},"end":{"line":17,"column":23}},"loc":{"start":{"line":24,"column":18},"end":{"line":104,"column":1}}},"1":{"name":"(anonymous_7)","decl":{"start":{"line":28,"column":34},"end":{"line":28,"column":37}},"loc":{"start":{"line":28,"column":39},"end":{"line":34,"column":3}}},"2":{"name":"(anonymous_8)","decl":{"start":{"line":31,"column":26},"end":{"line":31,"column":27}},"loc":{"start":{"line":32,"column":6},"end":{"line":32,"column":63}}},"3":{"name":"(anonymous_9)","decl":{"start":{"line":40,"column":17},"end":{"line":40,"column":20}},"loc":{"start":{"line":40,"column":23},"end":{"line":40,"column":64}}},"4":{"name":"(anonymous_10)","decl":{"start":{"line":40,"column":38},"end":{"line":40,"column":39}},"loc":{"start":{"line":40,"column":53},"end":{"line":40,"column":63}}},"5":{"name":"(anonymous_11)","decl":{"start":{"line":47,"column":18},"end":{"line":47,"column":19}},"loc":{"start":{"line":47,"column":30},"end":{"line":47,"column":62}}},"6":{"name":"(anonymous_12)","decl":{"start":{"line":51,"column":20},"end":{"line":51,"column":21}},"loc":{"start":{"line":51,"column":26},"end":{"line":54,"column":11}}},"7":{"name":"(anonymous_13)","decl":{"start":{"line":72,"column":34},"end":{"line":72,"column":35}},"loc":{"start":{"line":73,"column":14},"end":{"line":74,"column":null}}},"8":{"name":"(anonymous_14)","decl":{"start":{"line":80,"column":25},"end":{"line":80,"column":28}},"loc":{"start":{"line":80,"column":31},"end":{"line":80,"column":53}}},"9":{"name":"(anonymous_15)","decl":{"start":{"line":90,"column":23},"end":{"line":90,"column":26}},"loc":{"start":{"line":90,"column":28},"end":{"line":95,"column":15}}}},"branchMap":{"0":{"loc":{"start":{"line":29,"column":4},"end":{"line":29,"column":32}},"type":"if","locations":[{"start":{"line":29,"column":4},"end":{"line":29,"column":32}}]},"1":{"loc":{"start":{"line":45,"column":12},"end":{"line":49,"column":22}},"type":"cond-expr","locations":[{"start":{"line":46,"column":16},"end":{"line":48,"column":24}},{"start":{"line":49,"column":16},"end":{"line":49,"column":22}}]},"2":{"loc":{"start":{"line":53,"column":12},"end":{"line":53,"column":51}},"type":"if","locations":[{"start":{"line":53,"column":12},"end":{"line":53,"column":51}}]},"3":{"loc":{"start":{"line":60,"column":7},"end":{"line":67,"column":null}},"type":"binary-expr","locations":[{"start":{"line":60,"column":7},"end":{"line":60,"column":18}},{"start":{"line":61,"column":8},"end":{"line":66,"column":null}}]},"4":{"loc":{"start":{"line":62,"column":11},"end":{"line":65,"column":null}},"type":"binary-expr","locations":[{"start":{"line":62,"column":11},"end":{"line":62,"column":38}},{"start":{"line":63,"column":12},"end":{"line":64,"column":null}}]},"5":{"loc":{"start":{"line":69,"column":7},"end":{"line":100,"column":null}},"type":"binary-expr","locations":[{"start":{"line":69,"column":7},"end":{"line":69,"column":18}},{"start":{"line":70,"column":8},"end":{"line":99,"column":null}}]},"6":{"loc":{"start":{"line":76,"column":18},"end":{"line":78,"column":60}},"type":"cond-expr","locations":[{"start":{"line":77,"column":22},"end":{"line":77,"column":54}},{"start":{"line":78,"column":22},"end":{"line":78,"column":60}}]},"7":{"loc":{"start":{"line":83,"column":17},"end":{"line":83,"column":43}},"type":"binary-expr","locations":[{"start":{"line":83,"column":17},"end":{"line":83,"column":28}},{"start":{"line":83,"column":32},"end":{"line":83,"column":43}}]},"8":{"loc":{"start":{"line":88,"column":11},"end":{"line":98,"column":null}},"type":"binary-expr","locations":[{"start":{"line":88,"column":11},"end":{"line":88,"column":22}},{"start":{"line":89,"column":12},"end":{"line":95,"column":null}}]},"9":{"loc":{"start":{"line":93,"column":16},"end":{"line":93,"column":57}},"type":"if","locations":[{"start":{"line":93,"column":16},"end":{"line":93,"column":57}}]},"10":{"loc":{"start":{"line":94,"column":16},"end":{"line":94,"column":44}},"type":"binary-expr","locations":[{"start":{"line":94,"column":16},"end":{"line":94,"column":27}},{"start":{"line":94,"column":31},"end":{"line":94,"column":44}}]}},"s":{"0":1,"1":1,"2":1,"3":1,"4":7,"5":7,"6":7,"7":3,"8":3,"9":0,"10":0,"11":7,"12":3,"13":3,"14":0,"15":0,"16":0,"17":0,"18":9,"19":1,"20":1,"21":1,"22":1,"23":0,"24":1,"25":1},"f":{"0":7,"1":3,"2":0,"3":3,"4":3,"5":0,"6":0,"7":9,"8":1,"9":1},"b":{"0":[3],"1":[0,7],"2":[0],"3":[7,7],"4":[7,7],"5":[7,3],"6":[0,9],"7":[9,9],"8":[3,3],"9":[0],"10":[1,1]}}
,"E:\\PROJETOS\\Projetos da Lumi\\front-end-lumi\\src\\components\\Select\\styles.ts": {"path":"E:\\PROJETOS\\Projetos da Lumi\\front-end-lumi\\src\\components\\Select\\styles.ts","statementMap":{"0":{"start":{"line":1,"column":0},"end":{"line":1,"column":39}},"1":{"start":{"line":3,"column":13},"end":{"line":6,"column":2}},"2":{"start":{"line":8,"column":13},"end":{"line":37,"column":2}},"3":{"start":{"line":9,"column":37},"end":{"line":9,"column":59}},"4":{"start":{"line":10,"column":31},"end":{"line":10,"column":51}},"5":{"start":{"line":11,"column":34},"end":{"line":11,"column":61}},"6":{"start":{"line":21,"column":36},"end":{"line":21,"column":63}},"7":{"start":{"line":24,"column":28},"end":{"line":24,"column":50}},"8":{"start":{"line":28,"column":28},"end":{"line":28,"column":50}},"9":{"start":{"line":39,"column":13},"end":{"line":50,"column":2}},"10":{"start":{"line":48,"column":27},"end":{"line":48,"column":49}},"11":{"start":{"line":52,"column":13},"end":{"line":82,"column":2}},"12":{"start":{"line":56,"column":34},"end":{"line":56,"column":61}},"13":{"start":{"line":62,"column":31},"end":{"line":62,"column":51}},"14":{"start":{"line":72,"column":36},"end":{"line":72,"column":63}},"15":{"start":{"line":74,"column":39},"end":{"line":74,"column":61}},"16":{"start":{"line":78,"column":35},"end":{"line":78,"column":55}},"17":{"start":{"line":79,"column":30},"end":{"line":79,"column":52}},"18":{"start":{"line":84,"column":13},"end":{"line":90,"column":2}},"19":{"start":{"line":96,"column":13},"end":{"line":135,"column":2}},"20":{"start":{"line":104,"column":22},"end":{"line":104,"column":56}},"21":{"start":{"line":112,"column":24},"end":{"line":112,"column":58}},"22":{"start":{"line":124,"column":26},"end":{"line":124,"column":58}},"23":{"start":{"line":132,"column":28},"end":{"line":132,"column":50}},"24":{"start":{"line":133,"column":31},"end":{"line":133,"column":78}},"25":{"start":{"line":137,"column":13},"end":{"line":143,"column":2}},"26":{"start":{"line":142,"column":26},"end":{"line":142,"column":48}}},"fnMap":{"0":{"name":"(anonymous_1)","decl":{"start":{"line":9,"column":22},"end":{"line":9,"column":23}},"loc":{"start":{"line":9,"column":37},"end":{"line":9,"column":59}}},"1":{"name":"(anonymous_2)","decl":{"start":{"line":10,"column":16},"end":{"line":10,"column":17}},"loc":{"start":{"line":10,"column":31},"end":{"line":10,"column":51}}},"2":{"name":"(anonymous_3)","decl":{"start":{"line":11,"column":19},"end":{"line":11,"column":20}},"loc":{"start":{"line":11,"column":34},"end":{"line":11,"column":61}}},"3":{"name":"(anonymous_4)","decl":{"start":{"line":21,"column":21},"end":{"line":21,"column":22}},"loc":{"start":{"line":21,"column":36},"end":{"line":21,"column":63}}},"4":{"name":"(anonymous_5)","decl":{"start":{"line":24,"column":13},"end":{"line":24,"column":14}},"loc":{"start":{"line":24,"column":28},"end":{"line":24,"column":50}}},"5":{"name":"(anonymous_6)","decl":{"start":{"line":28,"column":13},"end":{"line":28,"column":14}},"loc":{"start":{"line":28,"column":28},"end":{"line":28,"column":50}}},"6":{"name":"(anonymous_7)","decl":{"start":{"line":48,"column":12},"end":{"line":48,"column":13}},"loc":{"start":{"line":48,"column":27},"end":{"line":48,"column":49}}},"7":{"name":"(anonymous_8)","decl":{"start":{"line":56,"column":19},"end":{"line":56,"column":20}},"loc":{"start":{"line":56,"column":34},"end":{"line":56,"column":61}}},"8":{"name":"(anonymous_9)","decl":{"start":{"line":62,"column":16},"end":{"line":62,"column":17}},"loc":{"start":{"line":62,"column":31},"end":{"line":62,"column":51}}},"9":{"name":"(anonymous_10)","decl":{"start":{"line":72,"column":21},"end":{"line":72,"column":22}},"loc":{"start":{"line":72,"column":36},"end":{"line":72,"column":63}}},"10":{"name":"(anonymous_11)","decl":{"start":{"line":74,"column":24},"end":{"line":74,"column":25}},"loc":{"start":{"line":74,"column":39},"end":{"line":74,"column":61}}},"11":{"name":"(anonymous_12)","decl":{"start":{"line":78,"column":20},"end":{"line":78,"column":21}},"loc":{"start":{"line":78,"column":35},"end":{"line":78,"column":55}}},"12":{"name":"(anonymous_13)","decl":{"start":{"line":79,"column":15},"end":{"line":79,"column":16}},"loc":{"start":{"line":79,"column":30},"end":{"line":79,"column":52}}},"13":{"name":"(anonymous_14)","decl":{"start":{"line":104,"column":4},"end":{"line":104,"column":5}},"loc":{"start":{"line":104,"column":22},"end":{"line":104,"column":56}}},"14":{"name":"(anonymous_15)","decl":{"start":{"line":112,"column":6},"end":{"line":112,"column":7}},"loc":{"start":{"line":112,"column":24},"end":{"line":112,"column":58}}},"15":{"name":"(anonymous_16)","decl":{"start":{"line":124,"column":8},"end":{"line":124,"column":9}},"loc":{"start":{"line":124,"column":26},"end":{"line":124,"column":58}}},"16":{"name":"(anonymous_17)","decl":{"start":{"line":132,"column":13},"end":{"line":132,"column":14}},"loc":{"start":{"line":132,"column":28},"end":{"line":132,"column":50}}},"17":{"name":"(anonymous_18)","decl":{"start":{"line":133,"column":6},"end":{"line":133,"column":7}},"loc":{"start":{"line":133,"column":31},"end":{"line":133,"column":78}}},"18":{"name":"(anonymous_19)","decl":{"start":{"line":142,"column":11},"end":{"line":142,"column":12}},"loc":{"start":{"line":142,"column":26},"end":{"line":142,"column":48}}}},"branchMap":{"0":{"loc":{"start":{"line":104,"column":22},"end":{"line":104,"column":56}},"type":"binary-expr","locations":[{"start":{"line":104,"column":22},"end":{"line":104,"column":30}},{"start":{"line":104,"column":34},"end":{"line":104,"column":56}}]},"1":{"loc":{"start":{"line":112,"column":24},"end":{"line":112,"column":58}},"type":"binary-expr","locations":[{"start":{"line":112,"column":24},"end":{"line":112,"column":32}},{"start":{"line":112,"column":36},"end":{"line":112,"column":58}}]},"2":{"loc":{"start":{"line":124,"column":26},"end":{"line":124,"column":58}},"type":"binary-expr","locations":[{"start":{"line":124,"column":26},"end":{"line":124,"column":34}},{"start":{"line":124,"column":38},"end":{"line":124,"column":58}}]},"3":{"loc":{"start":{"line":133,"column":31},"end":{"line":133,"column":78}},"type":"binary-expr","locations":[{"start":{"line":133,"column":31},"end":{"line":133,"column":39}},{"start":{"line":133,"column":43},"end":{"line":133,"column":78}}]}},"s":{"0":1,"1":1,"2":1,"3":7,"4":7,"5":7,"6":7,"7":7,"8":7,"9":1,"10":7,"11":1,"12":3,"13":3,"14":3,"15":3,"16":3,"17":3,"18":1,"19":1,"20":9,"21":9,"22":9,"23":9,"24":9,"25":1,"26":7},"f":{"0":7,"1":7,"2":7,"3":7,"4":7,"5":7,"6":7,"7":3,"8":3,"9":3,"10":3,"11":3,"12":3,"13":9,"14":9,"15":9,"16":9,"17":9,"18":7},"b":{"0":[9,3],"1":[9,3],"2":[9,3],"3":[9,3]}}
,"E:\\PROJETOS\\Projetos da Lumi\\front-end-lumi\\src\\styles\\theme.ts": {"path":"E:\\PROJETOS\\Projetos da Lumi\\front-end-lumi\\src\\styles\\theme.ts","statementMap":{"0":{"start":{"line":1,"column":0},"end":{"line":74,"column":2}}},"fnMap":{},"branchMap":{},"s":{"0":4},"f":{},"b":{}}
}
