TN:
SF:src\components\Button\index.tsx
FN:13,(anonymous_6)
FNF:1
FNH:1
FNDA:2,(anonymous_6)
DA:2,1
DA:13,1
DA:19,2
LF:3
LH:3
BRDA:15,0,0,0
BRDA:22,1,0,2
BRDA:22,1,1,1
BRF:3
BRH:2
end_of_record
TN:
SF:src\components\Button\styles.ts
FN:3,(anonymous_6)
FN:21,(anonymous_7)
FN:34,(anonymous_8)
FNF:3
FNH:3
FNDA:2,(anonymous_6)
FNDA:2,(anonymous_7)
FNDA:2,(anonymous_8)
DA:1,1
DA:2,1
DA:3,2
DA:21,2
DA:26,1
DA:34,2
LF:6
LH:6
BRDA:12,0,0,2
BRDA:12,0,1,0
BRDA:17,1,0,2
BRDA:17,1,1,0
BRF:4
BRH:2
end_of_record
TN:
SF:src\components\FileDropzone\index.tsx
FN:8,(anonymous_6)
FN:12,(anonymous_7)
FN:27,(anonymous_8)
FN:31,(anonymous_9)
FN:45,(anonymous_10)
FN:48,(anonymous_11)
FN:52,(anonymous_12)
FNF:7
FNH:3
FNDA:7,(anonymous_6)
FNDA:0,(anonymous_7)
FNDA:0,(anonymous_8)
FNDA:3,(anonymous_9)
FNDA:1,(anonymous_10)
FNDA:0,(anonymous_11)
FNDA:0,(anonymous_12)
DA:1,1
DA:2,1
DA:3,1
DA:8,1
DA:9,7
DA:10,7
DA:12,7
DA:13,0
DA:14,0
DA:15,0
DA:16,0
DA:17,0
DA:18,0
DA:19,0
DA:20,0
DA:22,0
DA:27,7
DA:28,0
DA:31,7
DA:32,3
DA:33,3
DA:34,3
DA:35,3
DA:36,1
DA:37,1
DA:38,1
DA:40,2
DA:45,7
DA:46,1
DA:47,1
DA:48,1
DA:49,0
DA:50,0
DA:52,1
DA:53,0
DA:57,7
LF:36
LH:23
BRDA:15,0,0,0
BRDA:15,1,0,0
BRDA:15,1,1,0
BRDA:17,2,0,0
BRDA:17,2,1,0
BRDA:33,3,0,3
BRDA:33,4,0,3
BRDA:33,4,1,3
BRDA:35,5,0,1
BRDA:35,5,1,2
BRDA:67,6,0,7
BRDA:67,6,1,6
BRDA:70,7,0,7
BRDA:70,7,1,1
BRDA:75,8,0,7
BRDA:75,8,1,2
BRF:16
BRH:11
end_of_record
TN:
SF:src\components\FileDropzone\styles.ts
FN:4,(anonymous_6)
FN:29,(anonymous_7)
FNF:2
FNH:2
FNDA:7,(anonymous_6)
FNDA:1,(anonymous_7)
DA:1,1
DA:3,1
DA:4,7
DA:28,1
DA:29,1
DA:38,1
LF:6
LH:6
BRF:0
BRH:0
end_of_record
TN:
SF:src\components\FormInput\index.tsx
FN:17,(anonymous_6)
FN:57,(anonymous_7)
FN:57,(anonymous_8)
FNF:3
FNH:3
FNDA:8,(anonymous_6)
FNDA:3,(anonymous_7)
FNDA:3,(anonymous_8)
DA:1,1
DA:2,1
DA:3,1
DA:17,1
DA:24,8
DA:26,8
DA:57,3
LF:7
LH:7
BRDA:28,0,0,8
BRDA:28,0,1,1
BRDA:37,1,0,8
BRDA:37,1,1,1
BRDA:47,2,0,5
BRDA:47,2,1,3
BRDA:48,3,0,2
BRDA:48,3,1,3
BRDA:54,4,0,8
BRDA:54,4,1,5
BRDA:59,5,0,2
BRDA:59,5,1,3
BRF:12
BRH:12
end_of_record
TN:
SF:src\components\FormInput\styles.ts
FN:11,(anonymous_1)
FN:13,(anonymous_2)
FN:22,(anonymous_3)
FN:33,(anonymous_4)
FN:41,(anonymous_5)
FNF:5
FNH:5
FNDA:8,(anonymous_1)
FNDA:8,(anonymous_2)
FNDA:8,(anonymous_3)
FNDA:1,(anonymous_4)
FNDA:1,(anonymous_5)
DA:1,1
DA:7,1
DA:11,8
DA:13,8
DA:22,8
DA:26,1
DA:34,1
DA:37,1
DA:41,1
DA:46,1
LF:10
LH:10
BRDA:13,0,0,1
BRDA:13,0,1,7
BRDA:34,1,0,0
BRDA:34,1,1,1
BRF:4
BRH:3
end_of_record
TN:
SF:src\components\Select\index.tsx
FN:17,(anonymous_6)
FN:28,(anonymous_7)
FN:31,(anonymous_8)
FN:40,(anonymous_9)
FN:40,(anonymous_10)
FN:47,(anonymous_11)
FN:51,(anonymous_12)
FN:72,(anonymous_13)
FN:80,(anonymous_14)
FN:90,(anonymous_15)
FNF:10
FNH:7
FNDA:7,(anonymous_6)
FNDA:3,(anonymous_7)
FNDA:0,(anonymous_8)
FNDA:3,(anonymous_9)
FNDA:3,(anonymous_10)
FNDA:0,(anonymous_11)
FNDA:0,(anonymous_12)
FNDA:9,(anonymous_13)
FNDA:1,(anonymous_14)
FNDA:1,(anonymous_15)
DA:1,1
DA:2,1
DA:3,1
DA:17,1
DA:25,7
DA:26,7
DA:28,7
DA:29,3
DA:31,0
DA:32,0
DA:36,7
DA:40,3
DA:47,0
DA:52,0
DA:53,0
DA:73,9
DA:80,1
DA:91,1
DA:92,1
DA:93,1
DA:94,1
LF:21
LH:16
BRDA:29,0,0,3
BRDA:45,1,0,0
BRDA:45,1,1,7
BRDA:53,2,0,0
BRDA:60,3,0,7
BRDA:60,3,1,7
BRDA:62,4,0,7
BRDA:62,4,1,7
BRDA:69,5,0,7
BRDA:69,5,1,3
BRDA:76,6,0,0
BRDA:76,6,1,9
BRDA:83,7,0,9
BRDA:83,7,1,9
BRDA:88,8,0,3
BRDA:88,8,1,3
BRDA:93,9,0,0
BRDA:94,10,0,1
BRDA:94,10,1,1
BRF:19
BRH:15
end_of_record
TN:
SF:src\components\Select\styles.ts
FN:9,(anonymous_1)
FN:10,(anonymous_2)
FN:11,(anonymous_3)
FN:21,(anonymous_4)
FN:24,(anonymous_5)
FN:28,(anonymous_6)
FN:48,(anonymous_7)
FN:56,(anonymous_8)
FN:62,(anonymous_9)
FN:72,(anonymous_10)
FN:74,(anonymous_11)
FN:78,(anonymous_12)
FN:79,(anonymous_13)
FN:104,(anonymous_14)
FN:112,(anonymous_15)
FN:124,(anonymous_16)
FN:132,(anonymous_17)
FN:133,(anonymous_18)
FN:142,(anonymous_19)
FNF:19
FNH:19
FNDA:7,(anonymous_1)
FNDA:7,(anonymous_2)
FNDA:7,(anonymous_3)
FNDA:7,(anonymous_4)
FNDA:7,(anonymous_5)
FNDA:7,(anonymous_6)
FNDA:7,(anonymous_7)
FNDA:3,(anonymous_8)
FNDA:3,(anonymous_9)
FNDA:3,(anonymous_10)
FNDA:3,(anonymous_11)
FNDA:3,(anonymous_12)
FNDA:3,(anonymous_13)
FNDA:9,(anonymous_14)
FNDA:9,(anonymous_15)
FNDA:9,(anonymous_16)
FNDA:9,(anonymous_17)
FNDA:9,(anonymous_18)
FNDA:7,(anonymous_19)
DA:1,1
DA:3,1
DA:8,1
DA:9,7
DA:10,7
DA:11,7
DA:21,7
DA:24,7
DA:28,7
DA:39,1
DA:48,7
DA:52,1
DA:56,3
DA:62,3
DA:72,3
DA:74,3
DA:78,3
DA:79,3
DA:84,1
DA:96,1
DA:104,9
DA:112,9
DA:124,9
DA:132,9
DA:133,9
DA:137,1
DA:142,7
LF:27
LH:27
BRDA:104,0,0,9
BRDA:104,0,1,3
BRDA:112,1,0,9
BRDA:112,1,1,3
BRDA:124,2,0,9
BRDA:124,2,1,3
BRDA:133,3,0,9
BRDA:133,3,1,3
BRF:8
BRH:8
end_of_record
TN:
SF:src\styles\theme.ts
FNF:0
FNH:0
DA:1,4
LF:1
LH:1
BRF:0
BRH:0
end_of_record
